<?xml version="1.0" encoding="UTF-8"?>
<!-- Generated by org.testng.reporters.JUnitReportReporter -->
<testsuite hostname="LAPTOP-35MR1O66" failures="0" tests="2" name="api.test.UserTest2" time="2.150" errors="0" timestamp="2023-09-20T13:05:28 EDT" skipped="0">
  <testcase classname="api.test.UserTest2" name="testUpdateUserByName" time="2.010"/>
  <system-out/>
  <testcase classname="api.test.UserTest2" name="testPostReq" time="0.140"/>
  <system-out/>
</testsuite> <!-- api.test.UserTest2 -->
